<?xml version="1.0" encoding="UTF-8"?>
<testsuite name="ru.netology.SelenTest" tests="1" skipped="0" failures="0" errors="0" timestamp="2022-04-06T17:52:08" hostname="СЕРГЕЙ-ПК" time="22.04">
  <properties/>
  <testcase name="shouldCheckWithEmptyPhone()" classname="ru.netology.SelenTest" time="22.04"/>
  <system-out><![CDATA[]]></system-out>
  <system-err><![CDATA[865 [Test worker] INFO io.github.bonigarcia.wdm.WebDriverManager - Using chromedriver 99.0.4844.51 (resolved driver for Chrome 99)
941 [Test worker] INFO io.github.bonigarcia.wdm.WebDriverManager - Exporting webdriver.chrome.driver as C:\Users\Сергей\.cache\selenium\chromedriver\win32\99.0.4844.51\chromedriver.exe
Starting ChromeDriver 99.0.4844.51 (d537ec02474b5afe23684e7963d538896c63ac77-refs/branch-heads/4844@{#875}) on port 32070
Only local connections are allowed.
Please see https://chromedriver.chromium.org/security-considerations for suggestions on keeping ChromeDriver safe.
ChromeDriver was started successfully.
апр. 06, 2022 8:52:23 PM org.openqa.selenium.remote.ProtocolHandshake createSession
INFO: Detected dialect: W3C
]]></system-err>
</testsuite>
